<?xml version="1.0" encoding="UTF-8"?>
<!-- Generated by org.testng.reporters.JUnitReportReporter -->
<testsuite skipped="0" hostname="Sridhar-PC" name="regressionScript.regressionScript" tests="1" failures="0" timestamp="12 Aug 2020 23:18:03 GMT" time="88.401" errors="0">
  <testcase name="test1" time="88.401" classname="regressionScript.regressionScript"/>
</testsuite> <!-- regressionScript.regressionScript -->
